     1                                  [org 0x0100]
     2 00000000 EB15                    	jmp start
     3                                  
     4 00000002 3C0037002D00320028-     data:	dw	60, 55, 45, 50, 40, 35, 25, 30, 10, 0
     5 0000000B 00230019001E000A00-
     6 00000014 0000               
     7 00000016 00                      swap:	db	0
     8                                  
     9 00000017 BB0000                  start:	mov bx, 0
    10 0000001A C606[1600]00            	mov byte[swap], 0
    11                                  
    12 0000001F 8B87[0200]              loop1:	mov ax, [data+bx]
    13 00000023 3B87[0400]              	cmp ax, [data+bx+2]
    14 00000027 7611                    	jbe noswap
    15                                  
    16 00000029 8B97[0400]              	mov dx, [data+bx+2]
    17 0000002D 8987[0400]              	mov [data+bx+2], ax
    18 00000031 8997[0200]              	mov [data+bx], dx
    19 00000035 C606[1600]01            	mov byte[swap], 1
    20                                  
    21 0000003A 83C302                  noswap: add bx, 2
    22 0000003D 83FB12                  	cmp bx, 18
    23 00000040 75DD                    	jne loop1
    24                                  
    25 00000042 803E[1600]01            	cmp byte[swap], 1
    26 00000047 74CE                    	je start
    27                                  
    28 00000049 B8004C                  	mov ax, 0x4c00
    29 0000004C CD21                    	int 0x21
